<?xml version="1.0" encoding="UTF-8"?>
<!-- Generated by org.testng.reporters.JUnitReportReporter -->
<testsuite hostname="KN-ANETSMA-01" name="AkamaiTests" tests="2" failures="0" timestamp="6 Aug 2017 06:59:29 GMT" time="26.999" errors="0">
  <testcase name="NegativeSearchForAJobTest" time="12.529" classname="AkamaiTests"/>
  <testcase name="PositiveSearchForAJobTest" time="14.470" classname="AkamaiTests"/>
</testsuite> <!-- AkamaiTests -->
